<?xml version="1.0" encoding="UTF-8"?>
<!-- Generated by org.testng.reporters.JUnitXMLReporter -->
<testsuite ignored="0" hostname="LAPTOP-5DMPA42V" failures="1" tests="1" name="Testrun" time="19.106" errors="0" timestamp="2023-07-01T10:02:47 IST">
  <testcase classname="Amazon.AddMultipleProductsToCartandValidateTest" name="addMultipleProductsToCartandValidateTest" time="14.032">
    <failure type="java.lang.AssertionError" message="The following asserts failed:
	expected [Liquortees Mermaid Soft Doll Stuffed Plush Toy, Soft Doll…] but found [CATBL Baby Girl Singing Poem Doll Soft Toy for Kids Multi (Poem Dall 01)],
	expected [Barbie™ The Movie Doll Wearing Pink and White Gin…] but found [Swaha Marapachi Raja Rani Doll (20Cm Height) | Traditional Wooden Dolls for Decoration | Bommala Koluvu | Pattada Gombe | 2 Dressed Dolls (Raja &amp;amp; Rani)],
	expected [NSA Soft Cute Doll | Attractive Stuffed Toys | Grab Your Att…] but found [Liquortees Mermaid Soft Doll Stuffed Plush Toy, Soft Dolls for Girls,Teddy Bear Soft Toy, Animal Toy Kids, Barbie Doll, Birthday Gift Home Decoration Toy for Kids Girls (30 cm : Purple)],
	expected [Barbie™ The Movie Doll, Margot Robbie as, Collectibl…] but found [Ashni Dolls Traditional Handmade Doll Sitting 6 inch Green Female Doll]">
      <![CDATA[java.lang.AssertionError: The following asserts failed:
expected [Liquortees Mermaid Soft Doll Stuffed Plush Toy, Soft Doll…] but found [CATBL Baby Girl Singing Poem Doll Soft Toy for Kids Multi (Poem Dall 01)],
expected [Barbie™ The Movie Doll Wearing Pink and White Gin…] but found [Swaha Marapachi Raja Rani Doll (20Cm Height) | Traditional Wooden Dolls for Decoration | Bommala Koluvu | Pattada Gombe | 2 Dressed Dolls (Raja & Rani)],
expected [NSA Soft Cute Doll | Attractive Stuffed Toys | Grab Your Att…] but found [Liquortees Mermaid Soft Doll Stuffed Plush Toy, Soft Dolls for Girls,Teddy Bear Soft Toy, Animal Toy Kids, Barbie Doll, Birthday Gift Home Decoration Toy for Kids Girls (30 cm : Purple)],
expected [Barbie™ The Movie Doll, Margot Robbie as, Collectibl…] but found [Ashni Dolls Traditional Handmade Doll Sitting 6 inch Green Female Doll]
at Amazon.AddMultipleProductsToCartandValidateTest.addMultipleProductsToCartandValidateTest(AddMultipleProductsToCartandValidateTest.java:43)
at java.base/java.util.ArrayList.forEach(ArrayList.java:1511)
at java.base/java.util.concurrent.FutureTask.run(FutureTask.java:264)
at java.base/java.util.concurrent.ThreadPoolExecutor.runWorker(ThreadPoolExecutor.java:1136)
at java.base/java.util.concurrent.ThreadPoolExecutor$Worker.run(ThreadPoolExecutor.java:635)
at java.base/java.lang.Thread.run(Thread.java:833)
... Removed 19 stack frames]]>
    </failure>
  </testcase> <!-- addMultipleProductsToCartandValidateTest -->
</testsuite> <!-- Testrun -->
