<?xml version="1.0" encoding="UTF-8"?>
<!-- Generated by org.testng.reporters.JUnitXMLReporter -->
<testsuite ignored="0" hostname="LAPTOP-5DMPA42V" failures="1" tests="1" name="Test" time="9.432" errors="0" timestamp="2023-06-24T18:10:07 IST">
  <testcase classname="Amazon.AddMultipleProductsToCartandValidateTest" name="addMultipleProductsToCartandValidateTest" time="3.738">
    <failure type="java.lang.AssertionError" message="The following asserts failed:
	expected [VGRASSP Dancing Miracle Princess Toy Doll with Wing…] but found [vvx Full Body Silicone 22&amp;quot; Soft Reborn Baby Doll Newborn Toddler Gift Silicone Baby Girl Life Like Doll with Multicolor Dress]">
      <![CDATA[java.lang.AssertionError: The following asserts failed:
expected [VGRASSP Dancing Miracle Princess Toy Doll with Wing…] but found [vvx Full Body Silicone 22" Soft Reborn Baby Doll Newborn Toddler Gift Silicone Baby Girl Life Like Doll with Multicolor Dress]
at Amazon.AddMultipleProductsToCartandValidateTest.addMultipleProductsToCartandValidateTest(AddMultipleProductsToCartandValidateTest.java:43)
at java.base/java.util.ArrayList.forEach(ArrayList.java:1511)
at java.base/java.util.concurrent.FutureTask.run(FutureTask.java:264)
at java.base/java.util.concurrent.ThreadPoolExecutor.runWorker(ThreadPoolExecutor.java:1136)
at java.base/java.util.concurrent.ThreadPoolExecutor$Worker.run(ThreadPoolExecutor.java:635)
at java.base/java.lang.Thread.run(Thread.java:833)
... Removed 19 stack frames]]>
    </failure>
  </testcase> <!-- addMultipleProductsToCartandValidateTest -->
</testsuite> <!-- Test -->
